-------------------------------------------------------------------------------
Test set: edu.eci.cvds.tdd.registry.RegistryTest
-------------------------------------------------------------------------------
Tests run: 2, Failures: 1, Errors: 0, Skipped: 0, Time elapsed: 0.016 s <<< FAILURE! - in edu.eci.cvds.tdd.registry.RegistryTest
edu.eci.cvds.tdd.registry.RegistryTest.validateRegistryResultInvalidAge  Time elapsed: 0.016 s  <<< FAILURE!
org.opentest4j.AssertionFailedError: expected: <INVALID_AGE> but was: <VALID>
	at edu.eci.cvds.tdd.registry.RegistryTest.validateRegistryResultInvalidAge(RegistryTest.java:23)

